# JRE version: Java(TM) SE Runtime Environment (23.0.2+7) (build 23.0.2+7-58)
# Java VM: Java HotSpot(TM) 64-Bit Server VM (23.0.2+7-58, mixed mode, sharing, tiered, compressed oops, compressed class ptrs, g1 gc, windows-amd64)
GC Precious Log:
 CardTable entry size: 512
 Card Set container configuration: InlinePtr #cards 4 size 8 Array Of Cards #cards 16 size 48 Howl #buckets 8 coarsen threshold 3686 Howl Bitmap #cards 512 size 80 coarsen threshold 460 Card regions per heap region 1 cards per card region 4096
 CPUs: 12 total, 12 available
 Memory: 16021M
 Large Page Support: Disabled
 NUMA Support: Disabled
 Compressed Oops: Enabled (Zero based)
 Heap Region Size: 2M
 Heap Min Capacity: 8M
 Heap Initial Capacity: 252M
 Heap Max Capacity: 4006M
 Pre-touch: Disabled
 Parallel Workers: 10
 Concurrent Workers: 3
 Concurrent Refinement Workers: 10
 Periodic GC: Disabled
Heap:
 garbage-first heap   total reserved 4102144K, committed 204800K, used 110754K [0x0000000705a00000, 0x0000000800000000)
  region size 2048K, 1 young (2048K), 1 survivors (2048K)
 Metaspace       used 84424K, committed 85120K, reserved 1179648K
  class space    used 11904K, committed 12224K, reserved 1048576K
GC Heap History (20 events):
Event: 8.190 GC heap after
{Heap after GC invocations=27 (full 0):
 garbage-first heap   total reserved 4102144K, committed 98304K, used 48806K [0x0000000705a00000, 0x0000000800000000)
  region size 2048K, 2 young (4096K), 2 survivors (4096K)
 Metaspace       used 82523K, committed 83200K, reserved 1179648K
  class space    used 11519K, committed 11840K, reserved 1048576K
}
Event: 8.308 GC heap before
{Heap before GC invocations=27 (full 0):
 garbage-first heap   total reserved 4102144K, committed 98304K, used 85670K [0x0000000705a00000, 0x0000000800000000)
  region size 2048K, 20 young (40960K), 2 survivors (4096K)
 Metaspace       used 82578K, committed 83264K, reserved 1179648K
  class space    used 11523K, committed 11840K, reserved 1048576K
}
Event: 8.315 GC heap after
{Heap after GC invocations=28 (full 0):
 garbage-first heap   total reserved 4102144K, committed 104448K, used 60829K [0x0000000705a00000, 0x0000000800000000)
  region size 2048K, 3 young (6144K), 3 survivors (6144K)
 Metaspace       used 82578K, committed 83264K, reserved 1179648K
  class space    used 11523K, committed 11840K, reserved 1048576K
}
Event: 8.358 GC heap before
{Heap before GC invocations=28 (full 0):
 garbage-first heap   total reserved 4102144K, committed 104448K, used 87453K [0x0000000705a00000, 0x0000000800000000)
  region size 2048K, 16 young (32768K), 3 survivors (6144K)
 Metaspace       used 82586K, committed 83264K, reserved 1179648K
  class space    used 11525K, committed 11840K, reserved 1048576K
}
Event: 8.363 GC heap after
{Heap after GC invocations=29 (full 0):
 garbage-first heap   total reserved 4102144K, committed 104448K, used 67003K [0x0000000705a00000, 0x0000000800000000)
  region size 2048K, 2 young (4096K), 2 survivors (4096K)
 Metaspace       used 82586K, committed 83264K, reserved 1179648K
  class space    used 11525K, committed 11840K, reserved 1048576K
}
Event: 8.397 GC heap before
{Heap before GC invocations=30 (full 0):
 garbage-first heap   total reserved 4102144K, committed 112640K, used 89531K [0x0000000705a00000, 0x0000000800000000)
  region size 2048K, 13 young (26624K), 2 survivors (4096K)
 Metaspace       used 82604K, committed 83264K, reserved 1179648K
  class space    used 11525K, committed 11840K, reserved 1048576K
}
Event: 8.401 GC heap after
{Heap after GC invocations=31 (full 0):
 garbage-first heap   total reserved 4102144K, committed 112640K, used 71988K [0x0000000705a00000, 0x0000000800000000)
  region size 2048K, 2 young (4096K), 2 survivors (4096K)
 Metaspace       used 82604K, committed 83264K, reserved 1179648K
  class space    used 11525K, committed 11840K, reserved 1048576K
}
Event: 8.557 GC heap before
{Heap before GC invocations=31 (full 0):
 garbage-first heap   total reserved 4102144K, committed 112640K, used 96564K [0x0000000705a00000, 0x0000000800000000)
  region size 2048K, 14 young (28672K), 2 survivors (4096K)
 Metaspace       used 84392K, committed 85056K, reserved 1179648K
  class space    used 11904K, committed 12224K, reserved 1048576K
}
Event: 8.560 GC heap after
{Heap after GC invocations=32 (full 0):
 garbage-first heap   total reserved 4102144K, committed 112640K, used 77188K [0x0000000705a00000, 0x0000000800000000)
  region size 2048K, 2 young (4096K), 2 survivors (4096K)
 Metaspace       used 84392K, committed 85056K, reserved 1179648K
  class space    used 11904K, committed 12224K, reserved 1048576K
}
Event: 8.585 GC heap before
{Heap before GC invocations=32 (full 0):
 garbage-first heap   total reserved 4102144K, committed 112640K, used 99716K [0x0000000705a00000, 0x0000000800000000)
  region size 2048K, 13 young (26624K), 2 survivors (4096K)
 Metaspace       used 84400K, committed 85120K, reserved 1179648K
  class space    used 11904K, committed 12224K, reserved 1048576K
}
Event: 8.590 GC heap after
{Heap after GC invocations=33 (full 0):
 garbage-first heap   total reserved 4102144K, committed 161792K, used 85347K [0x0000000705a00000, 0x0000000800000000)
  region size 2048K, 2 young (4096K), 2 survivors (4096K)
 Metaspace       used 84400K, committed 85120K, reserved 1179648K
  class space    used 11904K, committed 12224K, reserved 1048576K
}
Event: 8.637 GC heap before
{Heap before GC invocations=33 (full 0):
 garbage-first heap   total reserved 4102144K, committed 161792K, used 126307K [0x0000000705a00000, 0x0000000800000000)
  region size 2048K, 23 young (47104K), 2 survivors (4096K)
 Metaspace       used 84411K, committed 85120K, reserved 1179648K
  class space    used 11904K, committed 12224K, reserved 1048576K
}
Event: 8.644 GC heap after
{Heap after GC invocations=34 (full 0):
 garbage-first heap   total reserved 4102144K, committed 161792K, used 98304K [0x0000000705a00000, 0x0000000800000000)
  region size 2048K, 3 young (6144K), 3 survivors (6144K)
 Metaspace       used 84411K, committed 85120K, reserved 1179648K
  class space    used 11904K, committed 12224K, reserved 1048576K
}
Event: 8.674 GC heap before
{Heap before GC invocations=34 (full 0):
 garbage-first heap   total reserved 4102144K, committed 161792K, used 133120K [0x0000000705a00000, 0x0000000800000000)
  region size 2048K, 20 young (40960K), 3 survivors (6144K)
 Metaspace       used 84412K, committed 85120K, reserved 1179648K
  class space    used 11904K, committed 12224K, reserved 1048576K
}
Event: 8.682 GC heap after
{Heap after GC invocations=35 (full 0):
 garbage-first heap   total reserved 4102144K, committed 161792K, used 112435K [0x0000000705a00000, 0x0000000800000000)
  region size 2048K, 3 young (6144K), 3 survivors (6144K)
 Metaspace       used 84412K, committed 85120K, reserved 1179648K
  class space    used 11904K, committed 12224K, reserved 1048576K
}
Event: 8.724 GC heap before
{Heap before GC invocations=36 (full 0):
 garbage-first heap   total reserved 4102144K, committed 178176K, used 130867K [0x0000000705a00000, 0x0000000800000000)
  region size 2048K, 15 young (30720K), 3 survivors (6144K)
 Metaspace       used 84412K, committed 85120K, reserved 1179648K
  class space    used 11904K, committed 12224K, reserved 1048576K
}
Event: 8.731 GC heap after
{Heap after GC invocations=37 (full 0):
 garbage-first heap   total reserved 4102144K, committed 178176K, used 117490K [0x0000000705a00000, 0x0000000800000000)
  region size 2048K, 2 young (4096K), 2 survivors (4096K)
 Metaspace       used 84412K, committed 85120K, reserved 1179648K
  class space    used 11904K, committed 12224K, reserved 1048576K
}
Event: 8.779 GC heap before
{Heap before GC invocations=37 (full 0):
 garbage-first heap   total reserved 4102144K, committed 178176K, used 150258K [0x0000000705a00000, 0x0000000800000000)
  region size 2048K, 17 young (34816K), 2 survivors (4096K)
 Metaspace       used 84419K, committed 85120K, reserved 1179648K
  class space    used 11904K, committed 12224K, reserved 1048576K
}
Event: 8.784 GC heap after
{Heap after GC invocations=38 (full 0):
 garbage-first heap   total reserved 4102144K, committed 178176K, used 125123K [0x0000000705a00000, 0x0000000800000000)
  region size 2048K, 3 young (6144K), 3 survivors (6144K)
 Metaspace       used 84419K, committed 85120K, reserved 1179648K
  class space    used 11904K, committed 12224K, reserved 1048576K
}
Event: 8.811 GC heap before
{Heap before GC invocations=38 (full 0):
 garbage-first heap   total reserved 4102144K, committed 178176K, used 153795K [0x0000000705a00000, 0x0000000800000000)
  region size 2048K, 17 young (34816K), 3 survivors (6144K)
 Metaspace       used 84424K, committed 85120K, reserved 1179648K
  class space    used 11904K, committed 12224K, reserved 1048576K
}

